0 info it worked if it ends with ok
1 verbose cli [ 'C:\\Program Files (x86)\\nodejs\\node.exe',
1 verbose cli   'C:\\Program Files (x86)\\nodejs\\node_modules\\npm\\bin\\npm-cli.js',
1 verbose cli   'i' ]
2 info using npm@2.14.7
3 info using node@v4.2.3
4 verbose readDependencies loading dependencies from E:\LLamasoft\redux-component-pkg\examples\package.json
5 warn package.json @ No description
6 warn package.json @ No repository field.
7 warn package.json @ No README data
8 warn package.json @ No license field.
9 verbose install where, deps [ 'E:\\LLamasoft\\redux-component-pkg\\examples',
9 verbose install   [ 'react',
9 verbose install     'react-dom',
9 verbose install     'react-redux',
9 verbose install     'redux',
9 verbose install     'redux-component-pkg',
9 verbose install     'autoprefixer',
9 verbose install     'babel-cli',
9 verbose install     'babel-core',
9 verbose install     'babel-loader',
9 verbose install     'babel-preset-es2015',
9 verbose install     'babel-preset-react',
9 verbose install     'webpack',
9 verbose install     'webpack-dev-server' ] ]
10 verbose install where, peers [ 'E:\\LLamasoft\\redux-component-pkg\\examples', [] ]
11 verbose installManyTop reading for lifecycle E:\LLamasoft\redux-component-pkg\examples\package.json
12 info preinstall @
13 verbose installManyTop reading scoped package data from E:\LLamasoft\redux-component-pkg\examples\node_modules\autoprefixer\package.json
14 verbose installManyTop reading scoped package data from E:\LLamasoft\redux-component-pkg\examples\node_modules\babel-cli\package.json
15 verbose installManyTop reading scoped package data from E:\LLamasoft\redux-component-pkg\examples\node_modules\babel-core\package.json
16 verbose installManyTop reading scoped package data from E:\LLamasoft\redux-component-pkg\examples\node_modules\babel-loader\package.json
17 verbose installManyTop reading scoped package data from E:\LLamasoft\redux-component-pkg\examples\node_modules\babel-preset-es2015\package.json
18 verbose installManyTop reading scoped package data from E:\LLamasoft\redux-component-pkg\examples\node_modules\babel-preset-react\package.json
19 verbose installManyTop reading scoped package data from E:\LLamasoft\redux-component-pkg\examples\node_modules\react\package.json
20 verbose installManyTop reading scoped package data from E:\LLamasoft\redux-component-pkg\examples\node_modules\react-dom\package.json
21 verbose installManyTop reading scoped package data from E:\LLamasoft\redux-component-pkg\examples\node_modules\react-redux\package.json
22 verbose installManyTop reading scoped package data from E:\LLamasoft\redux-component-pkg\examples\node_modules\redux\package.json
23 verbose installManyTop reading scoped package data from E:\LLamasoft\redux-component-pkg\examples\node_modules\redux-component-pkg\package.json
24 verbose installManyTop reading scoped package data from E:\LLamasoft\redux-component-pkg\examples\node_modules\webpack\package.json
25 verbose installManyTop reading scoped package data from E:\LLamasoft\redux-component-pkg\examples\node_modules\webpack-dev-server\package.json
26 verbose readDependencies loading dependencies from E:\LLamasoft\redux-component-pkg\examples\package.json
27 verbose targetResolver reading package data from E:\LLamasoft\redux-component-pkg\examples\node_modules\autoprefixer\package.json
28 verbose targetResolver reading package data from E:\LLamasoft\redux-component-pkg\examples\node_modules\babel-cli\package.json
29 verbose targetResolver reading package data from E:\LLamasoft\redux-component-pkg\examples\node_modules\babel-core\package.json
30 verbose targetResolver reading package data from E:\LLamasoft\redux-component-pkg\examples\node_modules\babel-loader\package.json
31 verbose targetResolver reading package data from E:\LLamasoft\redux-component-pkg\examples\node_modules\babel-preset-es2015\package.json
32 verbose targetResolver reading package data from E:\LLamasoft\redux-component-pkg\examples\node_modules\babel-preset-react\package.json
33 verbose targetResolver reading package data from E:\LLamasoft\redux-component-pkg\examples\node_modules\react\package.json
34 verbose targetResolver reading package data from E:\LLamasoft\redux-component-pkg\examples\node_modules\react-dom\package.json
35 verbose targetResolver reading package data from E:\LLamasoft\redux-component-pkg\examples\node_modules\react-redux\package.json
36 verbose targetResolver reading package data from E:\LLamasoft\redux-component-pkg\examples\node_modules\redux\package.json
37 verbose targetResolver reading package data from E:\LLamasoft\redux-component-pkg\examples\node_modules\redux-component-pkg\package.json
38 verbose targetResolver reading package data from E:\LLamasoft\redux-component-pkg\examples\node_modules\webpack\package.json
39 verbose targetResolver reading package data from E:\LLamasoft\redux-component-pkg\examples\node_modules\webpack-dev-server\package.json
40 verbose targetResolver reading package data from E:\LLamasoft\redux-component-pkg\examples\node_modules\.bin\babel\package.json
41 verbose targetResolver reading package data from E:\LLamasoft\redux-component-pkg\examples\node_modules\.bin\babel-doctor\package.json
42 verbose targetResolver reading package data from E:\LLamasoft\redux-component-pkg\examples\node_modules\.bin\babel-doctor.cmd\package.json
43 verbose targetResolver reading package data from E:\LLamasoft\redux-component-pkg\examples\node_modules\.bin\babel-external-helpers\package.json
44 verbose targetResolver reading package data from E:\LLamasoft\redux-component-pkg\examples\node_modules\.bin\babel-external-helpers.cmd\package.json
45 verbose targetResolver reading package data from E:\LLamasoft\redux-component-pkg\examples\node_modules\.bin\babel-node\package.json
46 verbose targetResolver reading package data from E:\LLamasoft\redux-component-pkg\examples\node_modules\.bin\babel-node.cmd\package.json
47 verbose targetResolver reading package data from E:\LLamasoft\redux-component-pkg\examples\node_modules\.bin\babel.cmd\package.json
48 verbose targetResolver reading package data from E:\LLamasoft\redux-component-pkg\examples\node_modules\.bin\webpack\package.json
49 verbose targetResolver reading package data from E:\LLamasoft\redux-component-pkg\examples\node_modules\.bin\webpack-dev-server\package.json
50 verbose targetResolver reading package data from E:\LLamasoft\redux-component-pkg\examples\node_modules\.bin\webpack-dev-server.cmd\package.json
51 verbose targetResolver reading package data from E:\LLamasoft\redux-component-pkg\examples\node_modules\.bin\webpack.cmd\package.json
52 silly cache add args [ 'redux-component-pkg@file:../', null ]
53 verbose cache add spec redux-component-pkg@file:../
54 verbose already installed skipping autoprefixer@^7.1.2 E:\LLamasoft\redux-component-pkg\examples
55 verbose already installed skipping babel-cli@^6.3.15 E:\LLamasoft\redux-component-pkg\examples
56 silly cache add parsed spec Result {
56 silly cache add   raw: 'redux-component-pkg@file:../',
56 silly cache add   scope: null,
56 silly cache add   name: 'redux-component-pkg',
56 silly cache add   rawSpec: 'file:../',
56 silly cache add   spec: 'E:\\LLamasoft\\redux-component-pkg',
56 silly cache add   type: 'directory' }
57 verbose addLocalDirectory C:\Users\Hamed\AppData\Roaming\npm-cache\redux-component-pkg\0.0.6\package.tgz not in flight; packing
58 verbose tar pack [ 'C:\\Users\\Hamed\\AppData\\Roaming\\npm-cache\\redux-component-pkg\\0.0.6\\package.tgz',
58 verbose tar pack   'E:\\LLamasoft\\redux-component-pkg' ]
59 verbose tarball C:\Users\Hamed\AppData\Roaming\npm-cache\redux-component-pkg\0.0.6\package.tgz
60 verbose folder E:\LLamasoft\redux-component-pkg
61 info prepublish redux-component-pkg@0.0.6
62 verbose already installed skipping babel-core@^6.3.15 E:\LLamasoft\redux-component-pkg\examples
63 verbose already installed skipping babel-loader@^6.2.0 E:\LLamasoft\redux-component-pkg\examples
64 verbose already installed skipping babel-preset-es2015@^6.3.13 E:\LLamasoft\redux-component-pkg\examples
65 verbose already installed skipping babel-preset-react@^6.3.13 E:\LLamasoft\redux-component-pkg\examples
66 verbose already installed skipping webpack@^3.5.2 E:\LLamasoft\redux-component-pkg\examples
67 verbose already installed skipping webpack-dev-server@^2.9.2 E:\LLamasoft\redux-component-pkg\examples
68 verbose already installed skipping react@^15.4.2 E:\LLamasoft\redux-component-pkg\examples
69 verbose already installed skipping react-dom@^15.5.4 E:\LLamasoft\redux-component-pkg\examples
70 verbose already installed skipping react-redux@^5.0.2 E:\LLamasoft\redux-component-pkg\examples
71 verbose already installed skipping redux@^3.6.0 E:\LLamasoft\redux-component-pkg\examples
72 verbose addLocalTarball adding from inside cache C:\Users\Hamed\AppData\Roaming\npm-cache\redux-component-pkg\0.0.6\package.tgz
73 silly cache afterAdd redux-component-pkg@0.0.6
74 verbose afterAdd C:\Users\Hamed\AppData\Roaming\npm-cache\redux-component-pkg\0.0.6\package\package.json not in flight; writing
75 verbose afterAdd C:\Users\Hamed\AppData\Roaming\npm-cache\redux-component-pkg\0.0.6\package\package.json written
76 info already installed redux-component-pkg@0.0.6
77 silly install resolved []
78 info build E:\LLamasoft\redux-component-pkg\examples
79 info linkStuff @
80 silly linkStuff @ has E:\LLamasoft\redux-component-pkg as its parent node_modules
81 verbose linkBins @
82 verbose linkMans @
83 verbose rebuildBundles @
84 verbose rebuildBundles [ '.bin',
84 verbose rebuildBundles   'autoprefixer',
84 verbose rebuildBundles   'babel-cli',
84 verbose rebuildBundles   'babel-core',
84 verbose rebuildBundles   'babel-loader',
84 verbose rebuildBundles   'babel-preset-es2015',
84 verbose rebuildBundles   'babel-preset-react',
84 verbose rebuildBundles   'react',
84 verbose rebuildBundles   'react-dom',
84 verbose rebuildBundles   'react-redux',
84 verbose rebuildBundles   'redux',
84 verbose rebuildBundles   'redux-component-pkg',
84 verbose rebuildBundles   'webpack',
84 verbose rebuildBundles   'webpack-dev-server' ]
85 info install @
86 info postinstall @
87 info prepublish @
88 verbose validateInstall loading E:\LLamasoft\redux-component-pkg\examples\package.json for validation
89 verbose stack Error: The package webpack@3.8.1 does not satisfy its siblings' peerDependencies requirements!
89 verbose stack     at C:\Program Files (x86)\nodejs\node_modules\npm\lib\install.js:125:32
89 verbose stack     at C:\Program Files (x86)\nodejs\node_modules\npm\lib\install.js:268:7
89 verbose stack     at C:\Program Files (x86)\nodejs\node_modules\npm\node_modules\read-installed\read-installed.js:142:5
89 verbose stack     at C:\Program Files (x86)\nodejs\node_modules\npm\node_modules\read-installed\read-installed.js:263:14
89 verbose stack     at cb (C:\Program Files (x86)\nodejs\node_modules\npm\node_modules\slide\lib\async-map.js:47:24)
89 verbose stack     at C:\Program Files (x86)\nodejs\node_modules\npm\node_modules\read-installed\read-installed.js:263:14
89 verbose stack     at cb (C:\Program Files (x86)\nodejs\node_modules\npm\node_modules\slide\lib\async-map.js:47:24)
89 verbose stack     at C:\Program Files (x86)\nodejs\node_modules\npm\node_modules\read-installed\read-installed.js:263:14
89 verbose stack     at cb (C:\Program Files (x86)\nodejs\node_modules\npm\node_modules\slide\lib\async-map.js:47:24)
89 verbose stack     at C:\Program Files (x86)\nodejs\node_modules\npm\node_modules\read-installed\read-installed.js:263:14
90 verbose cwd E:\LLamasoft\redux-component-pkg\examples
91 error Windows_NT 6.3.9600
92 error argv "C:\\Program Files (x86)\\nodejs\\node.exe" "C:\\Program Files (x86)\\nodejs\\node_modules\\npm\\bin\\npm-cli.js" "i"
93 error node v4.2.3
94 error npm  v2.14.7
95 error code EPEERINVALID
96 error peerinvalid The package webpack@3.8.1 does not satisfy its siblings' peerDependencies requirements!
96 error peerinvalid Peer babel-loader@6.4.1 wants webpack@1 || 2 || ^2.1.0-beta || ^2.2.0-rc
96 error peerinvalid Peer webpack-dev-server@2.9.2 wants webpack@^2.2.0 || ^3.0.0
97 verbose exit [ 1, true ]
